<?xml version="1.0" encoding="UTF-8"?>
<testng-results skipped="0" failed="0" total="2" passed="2">
  <reporter-output>
  </reporter-output>
  <suite name="Default suite" duration-ms="66584" started-at="2021-11-15T07:47:11Z" finished-at="2021-11-15T07:48:18Z">
    <groups>
    </groups>
    <test name="Default test" duration-ms="66584" started-at="2021-11-15T07:47:11Z" finished-at="2021-11-15T07:48:18Z">
      <class name="testng.TC006">
        <test-method status="PASS" signature="bookyourCoach(java.lang.String, java.lang.String, java.lang.String, java.lang.String, java.lang.String, java.lang.String, java.lang.String, java.lang.String, java.lang.String, java.lang.String, java.lang.String, java.lang.String, java.lang.String, java.lang.String, java.lang.String, java.lang.String, java.lang.String, java.lang.String, java.lang.String, java.lang.String, java.lang.String, java.lang.String, java.lang.String, java.lang.String, java.lang.String, java.lang.String, java.lang.String, java.lang.String, java.lang.String, java.lang.String, java.lang.String)[pri:0, instance:testng.TC006@506e6d5e]" name="bookyourCoach" duration-ms="33221" started-at="2021-11-15T13:17:11Z" data-provider="fetchdata" finished-at="2021-11-15T13:17:45Z">
          <params>
            <param index="0">
              <value>
                <![CDATA[Venky123]]>
              </value>
            </param>
            <param index="1">
              <value>
                <![CDATA[Test@123]]>
              </value>
            </param>
            <param index="2">
              <value>
                <![CDATA[Test@123]]>
              </value>
            </param>
            <param index="3">
              <value>
                <![CDATA[2]]>
              </value>
            </param>
            <param index="4">
              <value>
                <![CDATA[Pavan Kalyan]]>
              </value>
            </param>
            <param index="5">
              <value>
                <![CDATA[1996]]>
              </value>
            </param>
            <param index="6">
              <value>
                <![CDATA[Dec]]>
              </value>
            </param>
            <param index="7">
              <value>
                <![CDATA[venkateshvadduri@gmail.com]]>
              </value>
            </param>
            <param index="8">
              <value>
                <![CDATA[1]]>
              </value>
            </param>
            <param index="9">
              <value>
                <![CDATA[Venkatesh]]>
              </value>
            </param>
            <param index="10">
              <value>
                <![CDATA[V]]>
              </value>
            </param>
            <param index="11">
              <value>
                <![CDATA[Vadduri]]>
              </value>
            </param>
            <param index="12">
              <value>
                <![CDATA[94]]>
              </value>
            </param>
            <param index="13">
              <value>
                <![CDATA[4-110]]>
              </value>
            </param>
            <param index="14">
              <value>
                <![CDATA[Immadisetty Vari Palem]]>
              </value>
            </param>
            <param index="15">
              <value>
                <![CDATA[Bapatla]]>
              </value>
            </param>
            <param index="16">
              <value>
                <![CDATA[94]]>
              </value>
            </param>
            <param index="17">
              <value>
                <![CDATA[8008195106]]>
              </value>
            </param>
            <param index="18">
              <value>
                <![CDATA[522101]]>
              </value>
            </param>
            <param index="19">
              <value>
                <![CDATA[Guntur]]>
              </value>
            </param>
            <param index="20">
              <value>
                <![CDATA[ANDHRA PRADESH]]>
              </value>
            </param>
            <param index="21">
              <value>
                <![CDATA[Bapatla H.O]]>
              </value>
            </param>
            <param index="22">
              <value>
                <![CDATA[41-110]]>
              </value>
            </param>
            <param index="23">
              <value>
                <![CDATA[Sholinganallur]]>
              </value>
            </param>
            <param index="24">
              <value>
                <![CDATA[Chennai]]>
              </value>
            </param>
            <param index="25">
              <value>
                <![CDATA[94]]>
              </value>
            </param>
            <param index="26">
              <value>
                <![CDATA[8008195112]]>
              </value>
            </param>
            <param index="27">
              <value>
                <![CDATA[600003]]>
              </value>
            </param>
            <param index="28">
              <value>
                <![CDATA[Chennai]]>
              </value>
            </param>
            <param index="29">
              <value>
                <![CDATA[TAMIL NADU]]>
              </value>
            </param>
            <param index="30">
              <value>
                <![CDATA[Ripon Buildings S.O]]>
              </value>
            </param>
          </params>
          <reporter-output>
          </reporter-output>
        </test-method> <!-- bookyourCoach -->
        <test-method status="PASS" signature="bookyourCoach(java.lang.String, java.lang.String, java.lang.String, java.lang.String, java.lang.String, java.lang.String, java.lang.String, java.lang.String, java.lang.String, java.lang.String, java.lang.String, java.lang.String, java.lang.String, java.lang.String, java.lang.String, java.lang.String, java.lang.String, java.lang.String, java.lang.String, java.lang.String, java.lang.String, java.lang.String, java.lang.String, java.lang.String, java.lang.String, java.lang.String, java.lang.String, java.lang.String, java.lang.String, java.lang.String, java.lang.String)[pri:0, instance:testng.TC006@506e6d5e]" name="bookyourCoach" duration-ms="32959" started-at="2021-11-15T13:17:45Z" data-provider="fetchdata" finished-at="2021-11-15T13:18:18Z">
          <params>
            <param index="0">
              <value>
                <![CDATA[Mahei123]]>
              </value>
            </param>
            <param index="1">
              <value>
                <![CDATA[Best@123]]>
              </value>
            </param>
            <param index="2">
              <value>
                <![CDATA[Best@123]]>
              </value>
            </param>
            <param index="3">
              <value>
                <![CDATA[2]]>
              </value>
            </param>
            <param index="4">
              <value>
                <![CDATA[Pavan Kalyan]]>
              </value>
            </param>
            <param index="5">
              <value>
                <![CDATA[1991]]>
              </value>
            </param>
            <param index="6">
              <value>
                <![CDATA[Jan]]>
              </value>
            </param>
            <param index="7">
              <value>
                <![CDATA[maheshvadduri@gmail.com]]>
              </value>
            </param>
            <param index="8">
              <value>
                <![CDATA[1]]>
              </value>
            </param>
            <param index="9">
              <value>
                <![CDATA[Mahesh]]>
              </value>
            </param>
            <param index="10">
              <value>
                <![CDATA[V]]>
              </value>
            </param>
            <param index="11">
              <value>
                <![CDATA[Vadduri]]>
              </value>
            </param>
            <param index="12">
              <value>
                <![CDATA[94]]>
              </value>
            </param>
            <param index="13">
              <value>
                <![CDATA[4-112]]>
              </value>
            </param>
            <param index="14">
              <value>
                <![CDATA[Immadisetty Vari Palem]]>
              </value>
            </param>
            <param index="15">
              <value>
                <![CDATA[Bapatla]]>
              </value>
            </param>
            <param index="16">
              <value>
                <![CDATA[94]]>
              </value>
            </param>
            <param index="17">
              <value>
                <![CDATA[8008195112]]>
              </value>
            </param>
            <param index="18">
              <value>
                <![CDATA[522101]]>
              </value>
            </param>
            <param index="19">
              <value>
                <![CDATA[Guntur]]>
              </value>
            </param>
            <param index="20">
              <value>
                <![CDATA[ANDHRA PRADESH]]>
              </value>
            </param>
            <param index="21">
              <value>
                <![CDATA[Bapatla H.O]]>
              </value>
            </param>
            <param index="22">
              <value>
                <![CDATA[54-234]]>
              </value>
            </param>
            <param index="23">
              <value>
                <![CDATA[Hightech City]]>
              </value>
            </param>
            <param index="24">
              <value>
                <![CDATA[Chennai]]>
              </value>
            </param>
            <param index="25">
              <value>
                <![CDATA[94]]>
              </value>
            </param>
            <param index="26">
              <value>
                <![CDATA[8008195113]]>
              </value>
            </param>
            <param index="27">
              <value>
                <![CDATA[600003]]>
              </value>
            </param>
            <param index="28">
              <value>
                <![CDATA[Chennai]]>
              </value>
            </param>
            <param index="29">
              <value>
                <![CDATA[TAMIL NADU]]>
              </value>
            </param>
            <param index="30">
              <value>
                <![CDATA[Ripon Buildings S.O]]>
              </value>
            </param>
          </params>
          <reporter-output>
          </reporter-output>
        </test-method> <!-- bookyourCoach -->
      </class> <!-- testng.TC006 -->
    </test> <!-- Default test -->
  </suite> <!-- Default suite -->
</testng-results>
